<?xml version="1.0" encoding="UTF-8"?>
<testng-results ignored="0" total="1" passed="1" failed="0" skipped="0">
  <reporter-output>
  </reporter-output>
  <suite started-at="2025-02-17T18:18:17 IST" name="Suite" finished-at="2025-02-17T18:18:24 IST" duration-ms="7168">
    <groups>
    </groups>
    <test started-at="2025-02-17T18:18:17 IST" name="Test" finished-at="2025-02-17T18:18:24 IST" duration-ms="7168">
      <class name="testCase.TC001_RegistrationTest">
        <test-method is-config="true" signature="setUp()[pri:0, instance:testCase.TC001_RegistrationTest@71e693fa]" started-at="2025-02-17T18:18:17 IST" name="setUp" finished-at="2025-02-17T18:18:23 IST" duration-ms="5794" status="PASS">
          <reporter-output>
          </reporter-output>
        </test-method> <!-- setUp -->
        <test-method signature="verify_Registration()[pri:0, instance:testCase.TC001_RegistrationTest@71e693fa]" started-at="2025-02-17T18:18:23 IST" name="verify_Registration" finished-at="2025-02-17T18:18:24 IST" duration-ms="1342" status="PASS">
          <reporter-output>
          </reporter-output>
        </test-method> <!-- verify_Registration -->
      </class> <!-- testCase.TC001_RegistrationTest -->
    </test> <!-- Test -->
  </suite> <!-- Suite -->
</testng-results>
